{"E:\\Codes\\codes-for-ref\\DEV\\redux\\src\\math.js": {"path":"E:\\Codes\\codes-for-ref\\DEV\\redux\\src\\math.js","statementMap":{"0":{"start":{"line":1,"column":22},"end":{"line":1,"column":49}},"1":{"start":{"line":1,"column":34},"end":{"line":1,"column":49}}},"fnMap":{"0":{"name":"(anonymous_0)","decl":{"start":{"line":1,"column":22},"end":{"line":1,"column":23}},"loc":{"start":{"line":1,"column":34},"end":{"line":1,"column":49}},"line":1}},"branchMap":{},"s":{"0":1,"1":2},"f":{"0":2},"b":{},"_coverageSchema":"1a1c01bbd47fc00a2c39e90264f33305004495a9","hash":"98c54a444672b5fe0ca8e0c6830fa95384aa4850"}
}
